<?xml version="1.0" encoding="UTF-8"?>
<testng-results skipped="0" failed="0" total="1" passed="1">
  <reporter-output>
  </reporter-output>
  <suite name="Default suite" duration-ms="309" started-at="2012-12-17T15:38:04Z" finished-at="2012-12-17T15:38:04Z">
    <groups>
    </groups>
    <test name="Default test" duration-ms="309" started-at="2012-12-17T15:38:04Z" finished-at="2012-12-17T15:38:04Z">
      <class name="it.cybion.influencers.twitter.persistance.MongodbPersistanceFacadeTEST">
        <test-method status="PASS" signature="insertionDeletionTest()[pri:0, instance:it.cybion.influencers.twitter.persistance.MongodbPersistanceFacadeTEST@5351660a]" name="insertionDeletionTest" duration-ms="290" started-at="2012-12-17T16:38:04Z" finished-at="2012-12-17T16:38:04Z">
          <reporter-output>
          </reporter-output>
        </test-method> <!-- insertionDeletionTest -->
      </class> <!-- it.cybion.influencers.twitter.persistance.MongodbPersistanceFacadeTEST -->
    </test> <!-- Default test -->
  </suite> <!-- Default suite -->
</testng-results>
