<?xml version="1.0" encoding="UTF-8"?>
<testng-results skipped="0" failed="0" total="4" passed="4">
  <reporter-output>
  </reporter-output>
  <suite name="Default suite" duration-ms="9016" started-at="2012-12-20T10:37:15Z" finished-at="2012-12-20T10:37:24Z">
    <groups>
    </groups>
    <test name="Default test" duration-ms="9016" started-at="2012-12-20T10:37:15Z" finished-at="2012-12-20T10:37:24Z">
      <class name="it.cybion.influencers.twitter.web.Twitter4jFacadeTEST">
        <test-method status="PASS" signature="init()[pri:0, instance:it.cybion.influencers.twitter.web.Twitter4jFacadeTEST@87d4cb2]" name="init" is-config="true" duration-ms="153" started-at="2012-12-20T11:37:15Z" finished-at="2012-12-20T11:37:15Z">
          <reporter-output>
          </reporter-output>
        </test-method> <!-- init -->
        <test-method status="PASS" signature="getFollowersIdsTEST()[pri:0, instance:it.cybion.influencers.twitter.web.Twitter4jFacadeTEST@87d4cb2]" name="getFollowersIdsTEST" duration-ms="1183" started-at="2012-12-20T11:37:15Z" finished-at="2012-12-20T11:37:16Z">
          <reporter-output>
          </reporter-output>
        </test-method> <!-- getFollowersIdsTEST -->
        <test-method status="PASS" signature="getFriendsIdsTEST()[pri:0, instance:it.cybion.influencers.twitter.web.Twitter4jFacadeTEST@87d4cb2]" name="getFriendsIdsTEST" duration-ms="587" started-at="2012-12-20T11:37:16Z" finished-at="2012-12-20T11:37:17Z">
          <reporter-output>
          </reporter-output>
        </test-method> <!-- getFriendsIdsTEST -->
        <test-method status="PASS" signature="getMoreThan5000FollowersIdsTEST()[pri:0, instance:it.cybion.influencers.twitter.web.Twitter4jFacadeTEST@87d4cb2]" name="getMoreThan5000FollowersIdsTEST" duration-ms="1796" started-at="2012-12-20T11:37:17Z" finished-at="2012-12-20T11:37:19Z">
          <reporter-output>
          </reporter-output>
        </test-method> <!-- getMoreThan5000FollowersIdsTEST -->
        <test-method status="PASS" signature="getMoreThan5000FriendssIdsTEST()[pri:0, instance:it.cybion.influencers.twitter.web.Twitter4jFacadeTEST@87d4cb2]" name="getMoreThan5000FriendssIdsTEST" duration-ms="5269" started-at="2012-12-20T11:37:19Z" finished-at="2012-12-20T11:37:24Z">
          <reporter-output>
          </reporter-output>
        </test-method> <!-- getMoreThan5000FriendssIdsTEST -->
      </class> <!-- it.cybion.influencers.twitter.web.Twitter4jFacadeTEST -->
    </test> <!-- Default test -->
  </suite> <!-- Default suite -->
</testng-results>
