<?xml version="1.0" encoding="UTF-8"?>
<!-- Generated by org.testng.reporters.JUnitXMLReporter -->
<testsuite hostname="my-laptop" name="Default test" tests="4" failures="0" timestamp="20 Dec 2012 10:37:24 GMT" time="9.016" errors="0">
  <testcase name="getFollowersIdsTEST" time="1.183" classname="it.cybion.influencers.twitter.web.Twitter4jFacadeTEST"/>
  <testcase name="getFriendsIdsTEST" time="0.587" classname="it.cybion.influencers.twitter.web.Twitter4jFacadeTEST"/>
  <testcase name="getMoreThan5000FollowersIdsTEST" time="1.796" classname="it.cybion.influencers.twitter.web.Twitter4jFacadeTEST"/>
  <testcase name="getMoreThan5000FriendssIdsTEST" time="5.269" classname="it.cybion.influencers.twitter.web.Twitter4jFacadeTEST"/>
</testsuite> <!-- Default test -->
